2019-05-19 10:35:10,243 - DEBUG - <-get_status-> Returning current printer status:{'status': "{'status': 'P', 'coords': {'axesHomed': [1, 1, 1], 'xyz': [154.775, 141.29, 125.79], 'machine': [151.175, 136.075, 125.79], 'extr': [4545.7]}, 'speeds': {'requested': 20.0, 'top': 20.0}, 'currentTool': 0, 'params': {'atxPower': 1, 'fanPercent': [100, 100, 100, 0, 0, 0, 0, 0, 0], 'speedFactor': 100.0, 'extrFactors': [100.0], 'babystep': 0.0}, 'seq': 14, 'sensors': {'probeValue': 0, 'fanRPM': 0}, 'temps': {'bed': {'current': 45.0, 'active': 45.0, 'state': 2, 'heater': 0}, 'current': [45.0, 199.9, 2000.0, 2000.0, 2000.0, 2000.0, 2000.0, 2000.0], 'state': [2, 2, 0, 0, 0, 0, 0, 0], 'tools': {'active': [[200.0]], 'standby': [[200.0]]}, 'extra': [{'name': '*MCU', 'temp': 33.6}]}, 'time': 8605.0, 'currentLayer': 629, 'currentLayerTime': 7.1, 'extrRaw': [4546.8], 'fractionPrinted': 78.2, 'filePosition': 5980031, 'firstLayerDuration': 104.1, 'firstLayerHeight': 0.24, 'printDuration': 7343.4, 'warmUpDuration': 0.0, 'timesLeft': {'file': 1866.4, 'filament': 1848.9, 'layer': 1892.7}}", 'state': 'P', 'hotend': [199.9, 200.0, 0.9995], 'bed': [45.0, 45.0, 1.0], 'percent': 78.2}.
2019-05-19 10:35:11,227 - DEBUG - <-get_status-> Printer status updated.
2019-05-19 10:35:16,225 - DEBUG - <-get_status-> Printer status updated.
2019-05-19 10:35:21,223 - DEBUG - <-get_status-> Printer status updated.
2019-05-19 10:35:26,227 - DEBUG - <-get_status-> Printer status updated.
2019-05-19 10:35:31,222 - DEBUG - <-get_status-> Printer status updated.
2019-05-19 10:35:36,227 - DEBUG - <-get_status-> Printer status updated.
2019-05-19 10:35:41,223 - DEBUG - <-get_status-> Printer status updated.
2019-05-19 10:35:46,227 - DEBUG - <-get_status-> Printer status updated.
2019-05-19 10:35:51,227 - DEBUG - <-get_status-> Printer status updated.
2019-05-19 10:35:56,226 - DEBUG - <-get_status-> Printer status updated.
2019-05-19 10:36:01,248 - DEBUG - <-get_status-> Printer status updated.
2019-05-19 10:36:06,227 - DEBUG - <-get_status-> Printer status updated.
2019-05-19 10:36:11,223 - DEBUG - <-get_status-> Printer status updated.
2019-05-19 10:36:16,226 - DEBUG - <-get_status-> Printer status updated.
2019-05-19 10:36:21,231 - DEBUG - <-get_status-> Printer status updated.
2019-05-19 10:36:26,228 - DEBUG - <-get_status-> Printer status updated.
2019-05-19 10:36:31,224 - DEBUG - <-get_status-> Printer status updated.
2019-05-19 10:36:36,230 - DEBUG - <-get_status-> Printer status updated.
2019-05-19 10:36:41,233 - DEBUG - <-get_status-> Printer status updated.
2019-05-19 10:36:46,221 - DEBUG - <-get_status-> Printer status updated.
2019-05-19 10:36:51,222 - DEBUG - <-get_status-> Printer status updated.
2019-05-19 10:36:56,234 - DEBUG - <-get_status-> Printer status updated.
2019-05-19 10:37:01,228 - DEBUG - <-get_status-> Printer status updated.
2019-05-19 10:37:06,247 - DEBUG - <-get_status-> Printer status updated.
2019-05-19 10:37:11,225 - DEBUG - <-get_status-> Printer status updated.
2019-05-19 10:37:16,226 - DEBUG - <-get_status-> Printer status updated.
2019-05-19 10:37:21,231 - DEBUG - <-get_status-> Printer status updated.
2019-05-19 10:37:26,223 - DEBUG - <-get_status-> Printer status updated.
2019-05-19 10:37:31,237 - DEBUG - <-get_status-> Printer status updated.
2019-05-19 10:37:36,225 - DEBUG - <-get_status-> Printer status updated.
2019-05-19 10:37:41,224 - DEBUG - <-get_status-> Printer status updated.
2019-05-19 10:37:46,223 - DEBUG - <-get_status-> Printer status updated.
2019-05-19 10:37:51,240 - DEBUG - <-get_status-> Printer status updated.
2019-05-19 10:37:56,224 - DEBUG - <-get_status-> Printer status updated.
2019-05-19 10:38:01,237 - DEBUG - <-get_status-> Printer status updated.
2019-05-19 10:38:06,222 - DEBUG - <-get_status-> Printer status updated.
2019-05-19 10:38:11,227 - DEBUG - <-get_status-> Printer status updated.
2019-05-19 10:38:16,236 - DEBUG - <-get_status-> Printer status updated.
2019-05-19 10:38:21,243 - DEBUG - <-get_status-> Printer status updated.
2019-05-19 10:38:26,227 - DEBUG - <-get_status-> Printer status updated.
2019-05-19 10:38:31,231 - DEBUG - <-get_status-> Printer status updated.
2019-05-19 10:38:36,222 - DEBUG - <-get_status-> Printer status updated.
2019-05-19 10:38:41,228 - DEBUG - <-get_status-> Printer status updated.
2019-05-19 10:38:46,232 - DEBUG - <-get_status-> Printer status updated.
2019-05-19 10:38:51,228 - DEBUG - <-get_status-> Printer status updated.
2019-05-19 10:38:56,227 - DEBUG - <-get_status-> Printer status updated.
2019-05-19 10:39:01,232 - DEBUG - <-get_status-> Printer status updated.
2019-05-19 10:39:06,238 - DEBUG - <-get_status-> Printer status updated.
2019-05-19 10:39:11,240 - DEBUG - <-get_status-> Printer status updated.
2019-05-19 10:39:16,224 - DEBUG - <-get_status-> Printer status updated.
2019-05-19 10:39:21,238 - DEBUG - <-get_status-> Printer status updated.
2019-05-19 10:39:26,224 - DEBUG - <-get_status-> Printer status updated.
2019-05-19 10:39:31,227 - DEBUG - <-get_status-> Printer status updated.
2019-05-19 10:39:36,226 - DEBUG - <-get_status-> Printer status updated.
2019-05-19 10:39:41,225 - DEBUG - <-get_status-> Printer status updated.
2019-05-19 10:39:46,225 - DEBUG - <-get_status-> Printer status updated.
2019-05-19 10:39:51,333 - DEBUG - <-get_status-> Printer status updated.
2019-05-19 10:39:56,229 - DEBUG - <-get_status-> Printer status updated.
2019-05-19 10:40:01,230 - DEBUG - <-get_status-> Printer status updated.
2019-05-19 10:40:06,224 - DEBUG - <-get_status-> Printer status updated.
2019-05-19 10:40:11,223 - DEBUG - <-get_status-> Printer status updated.
2019-05-19 10:40:16,226 - DEBUG - <-get_status-> Printer status updated.
2019-05-19 10:40:21,221 - DEBUG - <-get_status-> Printer status updated.
2019-05-19 10:40:26,249 - DEBUG - <-get_status-> Printer status updated.
2019-05-19 10:40:31,231 - DEBUG - <-get_status-> Printer status updated.
2019-05-19 10:40:36,233 - DEBUG - <-get_status-> Printer status updated.
2019-05-19 10:40:41,229 - DEBUG - <-get_status-> Printer status updated.
2019-05-19 10:40:46,240 - DEBUG - <-get_status-> Printer status updated.
2019-05-19 10:40:51,224 - DEBUG - <-get_status-> Printer status updated.
2019-05-19 10:40:56,231 - DEBUG - <-get_status-> Printer status updated.
2019-05-19 10:41:01,231 - DEBUG - <-get_status-> Printer status updated.
2019-05-19 10:41:06,227 - DEBUG - <-get_status-> Printer status updated.
2019-05-19 10:41:11,232 - DEBUG - <-get_status-> Printer status updated.
2019-05-19 10:41:16,245 - DEBUG - <-get_status-> Printer status updated.
2019-05-19 10:41:21,235 - DEBUG - <-get_status-> Printer status updated.
2019-05-19 10:41:26,226 - DEBUG - <-get_status-> Printer status updated.
2019-05-19 10:41:31,225 - DEBUG - <-get_status-> Printer status updated.
2019-05-19 10:41:36,229 - DEBUG - <-get_status-> Printer status updated.
2019-05-19 10:41:41,225 - DEBUG - <-get_status-> Printer status updated.
2019-05-19 10:41:46,231 - DEBUG - <-get_status-> Printer status updated.
2019-05-19 10:41:51,236 - DEBUG - <-get_status-> Printer status updated.
2019-05-19 10:41:56,233 - DEBUG - <-get_status-> Printer status updated.
2019-05-19 10:42:01,237 - DEBUG - <-get_status-> Printer status updated.
2019-05-19 10:42:06,222 - DEBUG - <-get_status-> Printer status updated.
2019-05-19 10:42:11,229 - DEBUG - <-get_status-> Printer status updated.
2019-05-19 10:42:16,221 - DEBUG - <-get_status-> Printer status updated.
2019-05-19 10:42:21,217 - DEBUG - <-get_status-> Printer status updated.
2019-05-19 10:42:26,226 - DEBUG - <-get_status-> Printer status updated.
2019-05-19 10:42:31,227 - DEBUG - <-get_status-> Printer status updated.
2019-05-19 10:42:36,221 - DEBUG - <-get_status-> Printer status updated.
2019-05-19 10:42:41,226 - DEBUG - <-get_status-> Printer status updated.
2019-05-19 10:42:46,227 - DEBUG - <-get_status-> Printer status updated.
2019-05-19 10:42:51,223 - DEBUG - <-get_status-> Printer status updated.
2019-05-19 10:42:56,230 - DEBUG - <-get_status-> Printer status updated.
2019-05-19 10:43:01,226 - DEBUG - <-get_status-> Printer status updated.
2019-05-19 10:43:06,222 - DEBUG - <-get_status-> Printer status updated.
2019-05-19 10:43:11,227 - DEBUG - <-get_status-> Printer status updated.
2019-05-19 10:43:16,221 - DEBUG - <-get_status-> Printer status updated.
2019-05-19 10:43:21,222 - DEBUG - <-get_status-> Printer status updated.
2019-05-19 10:43:26,234 - DEBUG - <-get_status-> Printer status updated.
2019-05-19 10:43:31,226 - DEBUG - <-get_status-> Printer status updated.
2019-05-19 10:43:36,217 - DEBUG - <-get_status-> Printer status updated.
2019-05-19 10:43:41,227 - DEBUG - <-get_status-> Printer status updated.
2019-05-19 10:43:46,232 - DEBUG - <-get_status-> Printer status updated.
2019-05-19 10:43:51,236 - DEBUG - <-get_status-> Printer status updated.
2019-05-19 10:43:56,224 - DEBUG - <-get_status-> Printer status updated.
2019-05-19 10:44:01,231 - DEBUG - <-get_status-> Printer status updated.
2019-05-19 10:44:06,256 - DEBUG - <-get_status-> Printer status updated.
2019-05-19 10:44:11,220 - DEBUG - <-get_status-> Printer status updated.
2019-05-19 10:44:16,263 - DEBUG - <-get_status-> Printer status updated.
2019-05-19 10:44:21,229 - DEBUG - <-get_status-> Printer status updated.
2019-05-19 10:44:26,241 - DEBUG - <-get_status-> Printer status updated.
2019-05-19 10:44:31,219 - DEBUG - <-get_status-> Printer status updated.
2019-05-19 10:44:36,221 - DEBUG - <-get_status-> Printer status updated.
2019-05-19 10:44:41,232 - DEBUG - <-get_status-> Printer status updated.
2019-05-19 10:44:46,220 - DEBUG - <-get_status-> Printer status updated.
2019-05-19 10:44:51,225 - DEBUG - <-get_status-> Printer status updated.
2019-05-19 10:44:56,221 - DEBUG - <-get_status-> Printer status updated.
2019-05-19 10:45:01,227 - DEBUG - <-get_status-> Printer status updated.
2019-05-19 10:45:06,234 - DEBUG - <-get_status-> Printer status updated.
2019-05-19 10:45:11,221 - DEBUG - <-get_status-> Printer status updated.
2019-05-19 10:45:16,223 - DEBUG - <-get_status-> Printer status updated.
2019-05-19 10:45:21,234 - DEBUG - <-get_status-> Printer status updated.
2019-05-19 10:45:26,222 - DEBUG - <-get_status-> Printer status updated.
2019-05-19 10:45:31,231 - DEBUG - <-get_status-> Printer status updated.
2019-05-19 10:45:36,227 - DEBUG - <-get_status-> Printer status updated.
2019-05-19 10:45:41,226 - DEBUG - <-get_status-> Printer status updated.
2019-05-19 10:45:46,224 - DEBUG - <-get_status-> Printer status updated.
2019-05-19 10:45:51,225 - DEBUG - <-get_status-> Printer status updated.
2019-05-19 10:45:53,288 - DEBUG - <-__init__-> Started runner
2019-05-19 10:45:53,288 - DEBUG - <-__init__-> In start loop
2019-05-19 10:45:53,336 - INFO - <-__init__-> Scheduling get_status job every 5s.
2019-05-19 10:45:53,505 - INFO - <-__init__-> Server started, quiting start_loop
2019-05-19 10:45:53,505 - DEBUG - <-__init__-> Received local status code:200
2019-05-19 10:45:58,480 - DEBUG - <-set state-> Printer state change detected!
2019-05-19 10:45:58,481 - DEBUG - <-get_status-> Printer status updated.
2019-05-19 10:45:58,481 - DEBUG - <-get_status-> Printer needs update. Running update_rings
2019-05-19 10:45:58,484 - DEBUG - <-ActionThread-> ring1 set to no change.
2019-05-19 10:45:58,485 - DEBUG - <-ActionThread-> ring2 set to no change.
2019-05-19 10:45:58,486 - DEBUG - <-ActionThread-> ring3 set to no change.
2019-05-19 10:46:03,470 - DEBUG - <-get_status-> Printer status updated.
2019-05-19 10:46:08,466 - DEBUG - <-get_status-> Printer status updated.
2019-05-19 10:46:13,463 - DEBUG - <-get_status-> Printer status updated.
2019-05-19 10:46:18,470 - DEBUG - <-get_status-> Printer status updated.
2019-05-19 10:46:23,476 - DEBUG - <-get_status-> Printer status updated.
2019-05-19 10:46:28,475 - DEBUG - <-get_status-> Printer status updated.
2019-05-19 10:46:31,764 - DEBUG - <-__init__-> Started runner
2019-05-19 10:46:31,765 - DEBUG - <-__init__-> In start loop
2019-05-19 10:46:31,796 - INFO - <-__init__-> Scheduling get_status job every 5s.
2019-05-19 10:46:31,967 - INFO - <-__init__-> Server started, quiting start_loop
2019-05-19 10:46:31,968 - DEBUG - <-__init__-> Received local status code:200
2019-05-19 10:46:36,905 - DEBUG - <-set state-> Printer state change detected!
2019-05-19 10:46:36,905 - DEBUG - <-get_status-> Printer status updated.
2019-05-19 10:46:36,906 - DEBUG - <-get_status-> Printer needs update. Running update_rings
2019-05-19 10:46:36,911 - DEBUG - <-ActionThread-> ring1 set to no change.
2019-05-19 10:46:36,912 - DEBUG - <-ActionThread-> ring2 set to no change.
2019-05-19 10:46:36,913 - DEBUG - <-ActionThread-> ring3 set to no change.
2019-05-19 10:46:41,913 - DEBUG - <-get_status-> Printer status updated.
2019-05-19 10:46:46,917 - DEBUG - <-get_status-> Printer status updated.
2019-05-19 10:46:51,907 - DEBUG - <-get_status-> Printer status updated.
2019-05-19 10:46:56,911 - DEBUG - <-get_status-> Printer status updated.
2019-05-19 10:47:01,920 - DEBUG - <-get_status-> Printer status updated.
2019-05-19 10:47:06,904 - DEBUG - <-get_status-> Printer status updated.
2019-05-19 10:47:11,900 - DEBUG - <-get_status-> Printer status updated.
2019-05-19 10:47:16,908 - DEBUG - <-get_status-> Printer status updated.
2019-05-19 10:47:21,911 - DEBUG - <-get_status-> Printer status updated.
2019-05-19 10:47:26,915 - DEBUG - <-get_status-> Printer status updated.
2019-05-19 10:47:31,905 - DEBUG - <-get_status-> Printer status updated.
2019-05-19 10:47:36,907 - DEBUG - <-get_status-> Printer status updated.
2019-05-19 10:47:41,902 - DEBUG - <-get_status-> Printer status updated.
2019-05-19 10:47:46,911 - DEBUG - <-get_status-> Printer status updated.
2019-05-19 10:47:51,913 - DEBUG - <-get_status-> Printer status updated.
2019-05-19 10:47:56,902 - DEBUG - <-get_status-> Printer status updated.
2019-05-19 10:48:01,914 - DEBUG - <-get_status-> Printer status updated.
2019-05-19 10:48:06,921 - DEBUG - <-get_status-> Printer status updated.
2019-05-19 10:48:11,906 - DEBUG - <-get_status-> Printer status updated.
2019-05-19 10:48:16,904 - DEBUG - <-get_status-> Printer status updated.
2019-05-19 10:48:21,898 - DEBUG - <-get_status-> Printer status updated.
2019-05-19 10:48:26,906 - DEBUG - <-get_status-> Printer status updated.
2019-05-19 10:48:31,902 - DEBUG - <-get_status-> Printer status updated.
2019-05-19 10:48:36,908 - DEBUG - <-get_status-> Printer status updated.
2019-05-19 10:48:41,902 - DEBUG - <-get_status-> Printer status updated.
2019-05-19 10:48:46,904 - DEBUG - <-get_status-> Printer status updated.
2019-05-19 10:48:51,903 - DEBUG - <-get_status-> Printer status updated.
2019-05-19 10:48:56,908 - DEBUG - <-get_status-> Printer status updated.
2019-05-19 10:49:01,901 - DEBUG - <-get_status-> Printer status updated.
2019-05-19 10:49:06,905 - DEBUG - <-get_status-> Printer status updated.
2019-05-19 10:49:11,905 - DEBUG - <-get_status-> Printer status updated.
2019-05-19 10:49:16,913 - DEBUG - <-get_status-> Printer status updated.
2019-05-19 10:49:21,925 - DEBUG - <-get_status-> Printer status updated.
2019-05-19 10:49:26,906 - DEBUG - <-get_status-> Printer status updated.
2019-05-19 10:49:31,907 - DEBUG - <-get_status-> Printer status updated.
2019-05-19 10:49:36,899 - DEBUG - <-get_status-> Printer status updated.
2019-05-19 10:49:41,902 - DEBUG - <-get_status-> Printer status updated.
2019-05-19 10:49:46,922 - DEBUG - <-get_status-> Printer status updated.
2019-05-19 10:49:51,929 - DEBUG - <-get_status-> Printer status updated.
2019-05-19 10:49:56,901 - DEBUG - <-get_status-> Printer status updated.
2019-05-19 10:50:01,912 - DEBUG - <-get_status-> Printer status updated.
2019-05-19 10:50:06,903 - DEBUG - <-get_status-> Printer status updated.
2019-05-19 10:50:11,905 - DEBUG - <-get_status-> Printer status updated.
2019-05-19 10:50:16,910 - DEBUG - <-get_status-> Printer status updated.
2019-05-19 10:50:21,908 - DEBUG - <-get_status-> Printer status updated.
2019-05-19 10:50:26,910 - DEBUG - <-get_status-> Printer status updated.
2019-05-19 10:50:31,913 - DEBUG - <-get_status-> Printer status updated.
2019-05-19 10:50:36,909 - DEBUG - <-get_status-> Printer status updated.
2019-05-19 10:50:41,907 - DEBUG - <-get_status-> Printer status updated.
2019-05-19 10:50:46,913 - DEBUG - <-get_status-> Printer status updated.
2019-05-19 10:50:51,905 - DEBUG - <-get_status-> Printer status updated.
2019-05-19 10:50:56,907 - DEBUG - <-get_status-> Printer status updated.
2019-05-19 10:51:01,900 - DEBUG - <-get_status-> Printer status updated.
2019-05-19 10:51:06,901 - DEBUG - <-get_status-> Printer status updated.
2019-05-19 10:51:11,905 - DEBUG - <-get_status-> Printer status updated.
2019-05-19 10:51:16,901 - DEBUG - <-get_status-> Printer status updated.
2019-05-19 10:51:21,915 - DEBUG - <-get_status-> Printer status updated.
2019-05-19 10:51:26,908 - DEBUG - <-get_status-> Printer status updated.
2019-05-19 10:51:31,916 - DEBUG - <-get_status-> Printer status updated.
2019-05-19 10:51:36,904 - DEBUG - <-get_status-> Printer status updated.
2019-05-19 10:51:42,049 - DEBUG - <-get_status-> Printer status updated.
2019-05-19 10:51:46,904 - DEBUG - <-get_status-> Printer status updated.
2019-05-19 10:51:51,909 - DEBUG - <-get_status-> Printer status updated.
2019-05-19 10:51:56,907 - DEBUG - <-get_status-> Printer status updated.
2019-05-19 10:52:01,905 - DEBUG - <-get_status-> Printer status updated.
2019-05-19 10:52:06,907 - DEBUG - <-get_status-> Printer status updated.
2019-05-19 10:52:11,904 - DEBUG - <-get_status-> Printer status updated.
2019-05-19 10:52:16,907 - DEBUG - <-get_status-> Printer status updated.
2019-05-19 10:52:21,911 - DEBUG - <-get_status-> Printer status updated.
2019-05-19 10:52:26,911 - DEBUG - <-get_status-> Printer status updated.
2019-05-19 10:52:31,905 - DEBUG - <-get_status-> Printer status updated.
2019-05-19 10:52:36,906 - DEBUG - <-get_status-> Printer status updated.
2019-05-19 10:52:41,910 - DEBUG - <-get_status-> Printer status updated.
2019-05-19 10:52:46,912 - DEBUG - <-get_status-> Printer status updated.
2019-05-19 10:52:51,903 - DEBUG - <-get_status-> Printer status updated.
2019-05-19 10:52:56,904 - DEBUG - <-get_status-> Printer status updated.
2019-05-19 10:53:01,909 - DEBUG - <-get_status-> Printer status updated.
2019-05-19 10:53:06,918 - DEBUG - <-get_status-> Printer status updated.
2019-05-19 10:53:11,909 - DEBUG - <-get_status-> Printer status updated.
2019-05-19 10:53:16,903 - DEBUG - <-get_status-> Printer status updated.
2019-05-19 10:53:21,907 - DEBUG - <-get_status-> Printer status updated.
2019-05-19 10:53:26,923 - DEBUG - <-get_status-> Printer status updated.
2019-05-19 10:53:31,901 - DEBUG - <-get_status-> Printer status updated.
2019-05-19 10:53:36,905 - DEBUG - <-get_status-> Printer status updated.
2019-05-19 10:53:41,922 - DEBUG - <-get_status-> Printer status updated.
2019-05-19 10:53:46,912 - DEBUG - <-get_status-> Printer status updated.
2019-05-19 10:53:51,904 - DEBUG - <-get_status-> Printer status updated.
2019-05-19 10:53:56,903 - DEBUG - <-get_status-> Printer status updated.
2019-05-19 10:54:01,909 - DEBUG - <-get_status-> Printer status updated.
2019-05-19 10:54:06,898 - DEBUG - <-get_status-> Printer status updated.
2019-05-19 10:54:11,906 - DEBUG - <-get_status-> Printer status updated.
2019-05-19 10:54:16,904 - DEBUG - <-get_status-> Printer status updated.
2019-05-19 10:54:21,906 - DEBUG - <-get_status-> Printer status updated.
2019-05-19 10:54:26,927 - DEBUG - <-get_status-> Printer status updated.
2019-05-19 10:54:31,918 - DEBUG - <-get_status-> Printer status updated.
2019-05-19 10:54:36,909 - DEBUG - <-get_status-> Printer status updated.
2019-05-19 10:54:41,920 - DEBUG - <-get_status-> Printer status updated.
2019-05-19 10:54:46,902 - DEBUG - <-get_status-> Printer status updated.
2019-05-19 10:54:51,910 - DEBUG - <-get_status-> Printer status updated.
